<?xml version="1.0" encoding="UTF-8"?>
<!-- Generated by org.testng.reporters.JUnitReportReporter -->
<testsuite hostname="LAPTOP-B1NHI0RU" failures="0" tests="1" name="de.training.dateiherunterladen.HeruntergeladeneDateiChecken" time="0.260" errors="0" timestamp="2021-11-15T15:20:00 CST" skipped="0">
  <testcase classname="de.training.dateiherunterladen.HeruntergeladeneDateiChecken" name="heruntergeladeneDateiChecken" time="0.260"/>
  <system-out/>
</testsuite> <!-- de.training.dateiherunterladen.HeruntergeladeneDateiChecken -->
