<?xml version="1.0" encoding="UTF-8"?>
<!-- Generated by org.testng.reporters.JUnitReportReporter -->
<testsuite hostname="LAPTOP-B1NHI0RU" failures="0" tests="1" name="de.training.datenbank.MySQLVerbinden" time="0.515" errors="0" timestamp="2021-11-19T01:40:31 CST" skipped="0">
  <testcase classname="de.training.datenbank.MySQLVerbinden" name="datenbankTesten" time="0.515"/>
  <system-out/>
</testsuite> <!-- de.training.datenbank.MySQLVerbinden -->
